# JRE version: Java(TM) SE Runtime Environment (8.0_191-b12) (build 1.8.0_191-b12)
# Java VM: Java HotSpot(TM) 64-Bit Server VM (25.191-b12 mixed mode windows-amd64 compressed oops)
Heap:
 PSYoungGen      total 7680K, used 1471K [0x00000000eb600000, 0x00000000ec000000, 0x0000000100000000)
  eden space 5120K, 15% used [0x00000000eb600000,0x00000000eb6c7390,0x00000000ebb00000)
  from space 2560K, 26% used [0x00000000ebd80000,0x00000000ebe28b08,0x00000000ec000000)
  to   space 2560K, 0% used [0x00000000ebb00000,0x00000000ebb00000,0x00000000ebd80000)
 ParOldGen       total 8192K, used 6399K [0x00000000c2200000, 0x00000000c2a00000, 0x00000000eb600000)
  object space 8192K, 78% used [0x00000000c2200000,0x00000000c283ff08,0x00000000c2a00000)
 Metaspace       used 7978K, capacity 8702K, committed 8960K, reserved 1056768K
  class space    used 964K, capacity 1010K, committed 1024K, reserved 1048576K
GC Heap History (10 events):
Event: 18.930 GC heap before
{Heap before GC invocations=10 (full 1):
 PSYoungGen      total 4096K, used 1831K [0x00000000eb600000, 0x00000000ebe80000, 0x0000000100000000)
  eden space 1536K, 0% used [0x00000000eb600000,0x00000000eb600000,0x00000000eb780000)
  from space 2560K, 71% used [0x00000000eb780000,0x00000000eb949d78,0x00000000eba00000)
  to   space 3072K, 0% used [0x00000000ebb80000,0x00000000ebb80000,0x00000000ebe80000)
 ParOldGen       total 5632K, used 4247K [0x00000000c2200000, 0x00000000c2780000, 0x00000000eb600000)
  object space 5632K, 75% used [0x00000000c2200000,0x00000000c2625c88,0x00000000c2780000)
 Metaspace       used 7243K, capacity 8148K, committed 8448K, reserved 1056768K
  class space    used 885K, capacity 912K, committed 1024K, reserved 1048576K
Event: 19.002 GC heap after
Heap after GC invocations=10 (full 1):
 PSYoungGen      total 4096K, used 0K [0x00000000eb600000, 0x00000000ebe80000, 0x0000000100000000)
  eden space 1536K, 0% used [0x00000000eb600000,0x00000000eb600000,0x00000000eb780000)
  from space 2560K, 0% used [0x00000000eb780000,0x00000000eb780000,0x00000000eba00000)
  to   space 3072K, 0% used [0x00000000ebb80000,0x00000000ebb80000,0x00000000ebe80000)
 ParOldGen       total 8192K, used 4141K [0x00000000c2200000, 0x00000000c2a00000, 0x00000000eb600000)
  object space 8192K, 50% used [0x00000000c2200000,0x00000000c260b5e0,0x00000000c2a00000)
 Metaspace       used 7243K, capacity 8148K, committed 8448K, reserved 1056768K
  class space    used 885K, capacity 912K, committed 1024K, reserved 1048576K
}
Event: 19.020 GC heap before
{Heap before GC invocations=11 (full 1):
 PSYoungGen      total 4096K, used 1536K [0x00000000eb600000, 0x00000000ebe80000, 0x0000000100000000)
  eden space 1536K, 100% used [0x00000000eb600000,0x00000000eb780000,0x00000000eb780000)
  from space 2560K, 0% used [0x00000000eb780000,0x00000000eb780000,0x00000000eba00000)
  to   space 3072K, 0% used [0x00000000ebb80000,0x00000000ebb80000,0x00000000ebe80000)
 ParOldGen       total 8192K, used 4141K [0x00000000c2200000, 0x00000000c2a00000, 0x00000000eb600000)
  object space 8192K, 50% used [0x00000000c2200000,0x00000000c260b5e0,0x00000000c2a00000)
 Metaspace       used 7243K, capacity 8148K, committed 8448K, reserved 1056768K
  class space    used 885K, capacity 912K, committed 1024K, reserved 1048576K
Event: 19.023 GC heap after
Heap after GC invocations=11 (full 1):
 PSYoungGen      total 4608K, used 1338K [0x00000000eb600000, 0x00000000ebd80000, 0x0000000100000000)
  eden space 2560K, 0% used [0x00000000eb600000,0x00000000eb600000,0x00000000eb880000)
  from space 2048K, 65% used [0x00000000ebb80000,0x00000000ebcceb80,0x00000000ebd80000)
  to   space 2560K, 0% used [0x00000000eb880000,0x00000000eb880000,0x00000000ebb00000)
 ParOldGen       total 8192K, used 4141K [0x00000000c2200000, 0x00000000c2a00000, 0x00000000eb600000)
  object space 8192K, 50% used [0x00000000c2200000,0x00000000c260b5e0,0x00000000c2a00000)
 Metaspace       used 7243K, capacity 8148K, committed 8448K, reserved 1056768K
  class space    used 885K, capacity 912K, committed 1024K, reserved 1048576K
}
Event: 19.121 GC heap before
{Heap before GC invocations=12 (full 1):
 PSYoungGen      total 4608K, used 3898K [0x00000000eb600000, 0x00000000ebd80000, 0x0000000100000000)
  eden space 2560K, 100% used [0x00000000eb600000,0x00000000eb880000,0x00000000eb880000)
  from space 2048K, 65% used [0x00000000ebb80000,0x00000000ebcceb80,0x00000000ebd80000)
  to   space 2560K, 0% used [0x00000000eb880000,0x00000000eb880000,0x00000000ebb00000)
 ParOldGen       total 8192K, used 4141K [0x00000000c2200000, 0x00000000c2a00000, 0x00000000eb600000)
  object space 8192K, 50% used [0x00000000c2200000,0x00000000c260b5e0,0x00000000c2a00000)
 Metaspace       used 7302K, capacity 8212K, committed 8448K, reserved 1056768K
  class space    used 889K, capacity 912K, committed 1024K, reserved 1048576K
Event: 19.126 GC heap after
Heap after GC invocations=12 (full 1):
 PSYoungGen      total 5120K, used 1305K [0x00000000eb600000, 0x00000000ebe80000, 0x0000000100000000)
  eden space 2560K, 0% used [0x00000000eb600000,0x00000000eb600000,0x00000000eb880000)
  from space 2560K, 50% used [0x00000000eb880000,0x00000000eb9c6488,0x00000000ebb00000)
  to   space 2560K, 0% used [0x00000000ebc00000,0x00000000ebc00000,0x00000000ebe80000)
 ParOldGen       total 8192K, used 4853K [0x00000000c2200000, 0x00000000c2a00000, 0x00000000eb600000)
  object space 8192K, 59% used [0x00000000c2200000,0x00000000c26bd660,0x00000000c2a00000)
 Metaspace       used 7302K, capacity 8212K, committed 8448K, reserved 1056768K
  class space    used 889K, capacity 912K, committed 1024K, reserved 1048576K
}
Event: 19.276 GC heap before
{Heap before GC invocations=13 (full 1):
 PSYoungGen      total 5120K, used 3865K [0x00000000eb600000, 0x00000000ebe80000, 0x0000000100000000)
  eden space 2560K, 100% used [0x00000000eb600000,0x00000000eb880000,0x00000000eb880000)
  from space 2560K, 50% used [0x00000000eb880000,0x00000000eb9c6488,0x00000000ebb00000)
  to   space 2560K, 0% used [0x00000000ebc00000,0x00000000ebc00000,0x00000000ebe80000)
 ParOldGen       total 8192K, used 4853K [0x00000000c2200000, 0x00000000c2a00000, 0x00000000eb600000)
  object space 8192K, 59% used [0x00000000c2200000,0x00000000c26bd660,0x00000000c2a00000)
 Metaspace       used 7360K, capacity 8212K, committed 8448K, reserved 1056768K
  class space    used 893K, capacity 912K, committed 1024K, reserved 1048576K
Event: 19.281 GC heap after
Heap after GC invocations=13 (full 1):
 PSYoungGen      total 6144K, used 160K [0x00000000eb600000, 0x00000000ebe80000, 0x0000000100000000)
  eden space 3584K, 0% used [0x00000000eb600000,0x00000000eb600000,0x00000000eb980000)
  from space 2560K, 6% used [0x00000000ebc00000,0x00000000ebc28000,0x00000000ebe80000)
  to   space 2560K, 0% used [0x00000000eb980000,0x00000000eb980000,0x00000000ebc00000)
 ParOldGen       total 8192K, used 6062K [0x00000000c2200000, 0x00000000c2a00000, 0x00000000eb600000)
  object space 8192K, 74% used [0x00000000c2200000,0x00000000c27ebae8,0x00000000c2a00000)
 Metaspace       used 7360K, capacity 8212K, committed 8448K, reserved 1056768K
  class space    used 893K, capacity 912K, committed 1024K, reserved 1048576K
}
Event: 19.352 GC heap before
{Heap before GC invocations=14 (full 1):
 PSYoungGen      total 6144K, used 3744K [0x00000000eb600000, 0x00000000ebe80000, 0x0000000100000000)
  eden space 3584K, 100% used [0x00000000eb600000,0x00000000eb980000,0x00000000eb980000)
  from space 2560K, 6% used [0x00000000ebc00000,0x00000000ebc28000,0x00000000ebe80000)
  to   space 2560K, 0% used [0x00000000eb980000,0x00000000eb980000,0x00000000ebc00000)
 ParOldGen       total 8192K, used 6062K [0x00000000c2200000, 0x00000000c2a00000, 0x00000000eb600000)
  object space 8192K, 74% used [0x00000000c2200000,0x00000000c27ebae8,0x00000000c2a00000)
 Metaspace       used 7420K, capacity 8308K, committed 8448K, reserved 1056768K
  class space    used 899K, capacity 944K, committed 1024K, reserved 1048576K
Event: 19.354 GC heap after
Heap after GC invocations=14 (full 1):
 PSYoungGen      total 6144K, used 320K [0x00000000eb600000, 0x00000000ec000000, 0x0000000100000000)
  eden space 3584K, 0% used [0x00000000eb600000,0x00000000eb600000,0x00000000eb980000)
  from space 2560K, 12% used [0x00000000eb980000,0x00000000eb9d0000,0x00000000ebc00000)
  to   space 2560K, 0% used [0x00000000ebd80000,0x00000000ebd80000,0x00000000ec000000)
 ParOldGen       total 8192K, used 6174K [0x00000000c2200000, 0x00000000c2a00000, 0x00000000eb600000)
  object space 8192K, 75% used [0x00000000c2200000,0x00000000c2807ae8,0x00000000c2a00000)
 Metaspace       used 7420K, capacity 8308K, committed 8448K, reserved 1056768K
  class space    used 899K, capacity 944K, committed 1024K, reserved 1048576K
}

